<?xml version="1.0" encoding="UTF-8"?>
<robot generator="Robot 6.1.1 (Python 3.12.2 on win32)" generated="20240923 12:03:33.635" rpa="false" schemaversion="4">
<suite id="s1" name="Testcase VisualUI" source="C:\Users\vjansi\PycharmProjects\VisualUITestin_POC\TestCases\Testcase_VisualUI.robot">
<test id="s1-t1" name="Compare Two Different Images" line="13">
<kw name="Run Keyword And Expect Error" library="BuiltIn">
<arg>The compared images are different.</arg>
<arg>Compare Images</arg>
<arg>C:/Users/vjansi/PycharmProjects/VisualUITestin_POC/Images/reference.png</arg>
<arg>C:/Users/vjansi/PycharmProjects/VisualUITestin_POC/Images/WagonRCar.png</arg>
<doc>Runs the keyword and checks that the expected error occurred.</doc>
<kw name="Compare Images" library="DocTest.VisualTest">
<arg>C:/Users/vjansi/PycharmProjects/VisualUITestin_POC/Images/reference.png</arg>
<arg>C:/Users/vjansi/PycharmProjects/VisualUITestin_POC/Images/WagonRCar.png</arg>
<doc>Compares the documents/images ``reference_image`` and ``test_image``.</doc>
<msg timestamp="20240923 12:03:35.228" level="INFO">Compare Image Object created in 0.0116 seconds
Compare Image Object created in 0.0115 seconds</msg>
<msg timestamp="20240923 12:03:35.228" level="INFO" html="true">_reference_page_1:&lt;br&gt;&lt;a href="screenshots\c263b7e5-7975-11ef-9767-8cc681825e50_reference_page_1.png" target="_blank"&gt;&lt;img src="screenshots\c263b7e5-7975-11ef-9767-8cc681825e50_reference_page_1.png" style="width:50%; height: auto;"&gt;&lt;/a&gt;</msg>
<msg timestamp="20240923 12:03:35.228" level="INFO" html="true">_candidate_page_1:&lt;br&gt;&lt;a href="screenshots\c269f2c5-7975-11ef-a16f-8cc681825e50_candidate_page_1.png" target="_blank"&gt;&lt;img src="screenshots\c269f2c5-7975-11ef-a16f-8cc681825e50_candidate_page_1.png" style="width:50%; height: auto;"&gt;&lt;/a&gt;</msg>
<msg timestamp="20240923 12:03:35.228" level="FAIL">The compared images have different dimensions:
reference:(568, 751, 3)
candidate:(616, 753, 3)</msg>
<status status="FAIL" starttime="20240923 12:03:35.092" endtime="20240923 12:03:35.228"/>
</kw>
<msg timestamp="20240923 12:03:35.228" level="FAIL">Expected error 'The compared images are different.' but got 'The compared images have different dimensions:
reference:(568, 751, 3)
candidate:(616, 753, 3)'.</msg>
<status status="FAIL" starttime="20240923 12:03:35.092" endtime="20240923 12:03:35.228"/>
</kw>
<status status="FAIL" starttime="20240923 12:03:35.092" endtime="20240923 12:03:35.228">Expected error 'The compared images are different.' but got 'The compared images have different dimensions:
reference:(568, 751, 3)
candidate:(616, 753, 3)'.</status>
</test>
<test id="s1-t2" name="Compare Two Same Images" line="16">
<kw name="Compare Images" library="DocTest.VisualTest">
<arg>C:/Users/vjansi/PycharmProjects/VisualUITestin_POC/Images/reference.png</arg>
<arg>C:/Users/vjansi/PycharmProjects/VisualUITestin_POC/Images/reference - Copy.png</arg>
<doc>Compares the documents/images ``reference_image`` and ``test_image``.</doc>
<msg timestamp="20240923 12:03:35.329" level="INFO">Compare Image Object created in 0.0093 seconds
Compare Image Object created in 0.0093 seconds</msg>
<msg timestamp="20240923 12:03:35.329" level="INFO" html="true">_page_1_compare_concat:&lt;br&gt;&lt;a href="screenshots\c278a396-7975-11ef-a849-8cc681825e50_page_1_compare_concat.png" target="_blank"&gt;&lt;img src="screenshots\c278a396-7975-11ef-a849-8cc681825e50_page_1_compare_concat.png" style="width:50%; height: auto;"&gt;&lt;/a&gt;
The compared images are equal
Visual Image comparison performed in 0.0806 seconds</msg>
<status status="PASS" starttime="20240923 12:03:35.228" endtime="20240923 12:03:35.329"/>
</kw>
<status status="PASS" starttime="20240923 12:03:35.228" endtime="20240923 12:03:35.329"/>
</test>
<test id="s1-t3" name="Compare Two Same Images With Different resolution" line="19">
<kw name="Compare Images" library="DocTest.VisualTest">
<arg>C:/Users/vjansi/PycharmProjects/VisualUITestin_POC/Images/reference.png</arg>
<arg>C:/Users/vjansi/PycharmProjects/VisualUITestin_POC/Images/expressoCar.png</arg>
<doc>Compares the documents/images ``reference_image`` and ``test_image``.</doc>
<msg timestamp="20240923 12:03:35.686" level="INFO">Compare Image Object created in 0.0079 seconds
Compare Image Object created in 0.0042 seconds</msg>
<msg timestamp="20240923 12:03:35.686" level="INFO" html="true">_page_1_compare_concat:&lt;br&gt;&lt;a href="screenshots\c2858e3e-7975-11ef-a3a8-8cc681825e50_page_1_compare_concat.png" target="_blank"&gt;&lt;img src="screenshots\c2858e3e-7975-11ef-a3a8-8cc681825e50_page_1_compare_concat.png" style="width:50%; height: auto;"&gt;&lt;/a&gt;</msg>
<msg timestamp="20240923 12:03:35.686" level="INFO" html="true">_page_1_rectangles_concat:&lt;br&gt;&lt;a href="screenshots\c2a68a83-7975-11ef-9784-8cc681825e50_page_1_rectangles_concat.png" target="_blank"&gt;&lt;img src="screenshots\c2a68a83-7975-11ef-9784-8cc681825e50_page_1_rectangles_concat.png" style="width:50%; height: auto;"&gt;&lt;/a&gt;</msg>
<msg timestamp="20240923 12:03:35.686" level="INFO" html="true">_page_1_blended:&lt;br&gt;&lt;a href="screenshots\c2b1f739-7975-11ef-aa7a-8cc681825e50_page_1_blended.png" target="_blank"&gt;&lt;img src="screenshots\c2b1f739-7975-11ef-aa7a-8cc681825e50_page_1_blended.png" style="width:50%; height: auto;"&gt;&lt;/a&gt;</msg>
<msg timestamp="20240923 12:03:35.686" level="INFO" html="true">_page_1_diff:&lt;br&gt;&lt;a href="screenshots\c2b69f68-7975-11ef-9905-8cc681825e50_page_1_diff.png" target="_blank"&gt;&lt;img src="screenshots\c2b69f68-7975-11ef-9905-8cc681825e50_page_1_diff.png" style="width:50%; height: auto;"&gt;&lt;/a&gt;</msg>
<msg timestamp="20240923 12:03:35.686" level="FAIL">The compared images are different.</msg>
<status status="FAIL" starttime="20240923 12:03:35.329" endtime="20240923 12:03:35.686"/>
</kw>
<status status="FAIL" starttime="20240923 12:03:35.329" endtime="20240923 12:03:35.686">The compared images are different.</status>
</test>
<test id="s1-t4" name="Compare Two Pdf Documents with Text Content" line="28">
<kw name="Compare Images" library="DocTest.VisualTest">
<arg>C:/Users/vjansi/PycharmProjects/VisualUITestin_POC/Images/sample_1_page_moved.pdf</arg>
<arg>C:/Users/vjansi/PycharmProjects/VisualUITestin_POC/Images/sample_pdf.pdf</arg>
<arg>compare=text</arg>
<arg>get_pdf_content=${true}</arg>
<doc>Compares the documents/images ``reference_image`` and ``test_image``.</doc>
<msg timestamp="20240923 12:03:37.726" level="INFO">Rendering document to PyMuPDF Image performed in 0.0029 seconds
Conversion from PyMuPDF Image to OpenCV Image performed in 0.2122 seconds
Compare Image Object created in 0.2160 seconds
Rendering document to PyMuPDF Image performed in 0.0012 seconds
Conversion from PyMuPDF Image to OpenCV Image performed in 0.2113 seconds
Compare Image Object created in 0.2138 seconds</msg>
<msg timestamp="20240923 12:03:37.726" level="INFO" html="true">_page_1_compare_concat:&lt;br&gt;&lt;a href="screenshots\c2fd4dc9-7975-11ef-ac50-8cc681825e50_page_1_compare_concat.png" target="_blank"&gt;&lt;img src="screenshots\c2fd4dc9-7975-11ef-ac50-8cc681825e50_page_1_compare_concat.png" style="width:50%; height: auto;"&gt;&lt;/a&gt;</msg>
<msg timestamp="20240923 12:03:37.726" level="INFO" html="true">_page_1_rectangles_concat:&lt;br&gt;&lt;a href="screenshots\c3c48c9b-7975-11ef-8034-8cc681825e50_page_1_rectangles_concat.png" target="_blank"&gt;&lt;img src="screenshots\c3c48c9b-7975-11ef-8034-8cc681825e50_page_1_rectangles_concat.png" style="width:50%; height: auto;"&gt;&lt;/a&gt;</msg>
<msg timestamp="20240923 12:03:37.726" level="INFO" html="true">_page_1_blended:&lt;br&gt;&lt;a href="screenshots\c3dece91-7975-11ef-8a27-8cc681825e50_page_1_blended.png" target="_blank"&gt;&lt;img src="screenshots\c3dece91-7975-11ef-8a27-8cc681825e50_page_1_blended.png" style="width:50%; height: auto;"&gt;&lt;/a&gt;</msg>
<msg timestamp="20240923 12:03:37.726" level="INFO" html="true">_page_1_diff:&lt;br&gt;&lt;a href="screenshots\c3ecae84-7975-11ef-981f-8cc681825e50_page_1_diff.png" target="_blank"&gt;&lt;img src="screenshots\c3ecae84-7975-11ef-981f-8cc681825e50_page_1_diff.png" style="width:50%; height: auto;"&gt;&lt;/a&gt;</msg>
<msg timestamp="20240923 12:03:37.726" level="FAIL">The compared images are different.</msg>
<status status="FAIL" starttime="20240923 12:03:35.686" endtime="20240923 12:03:37.726"/>
</kw>
<status status="FAIL" starttime="20240923 12:03:35.686" endtime="20240923 12:03:37.726">The compared images are different.</status>
</test>
<test id="s1-t5" name="Capture Image at Website" line="31">
<kw name="Open Application" library="keywordsVisualUI">
<kw name="Create Webdriver" library="SeleniumLibrary">
<arg>Chrome</arg>
<doc>Creates an instance of Selenium WebDriver.</doc>
<msg timestamp="20240923 12:03:37.726" level="INFO">Creating an instance of the Chrome WebDriver.</msg>
<status status="PASS" starttime="20240923 12:03:37.726" endtime="20240923 12:03:42.084"/>
</kw>
<kw name="Go To" library="SeleniumLibrary">
<arg>https://www.marutisuzuki.com/</arg>
<doc>Navigates the current browser window to the provided ``url``.</doc>
<msg timestamp="20240923 12:03:42.084" level="INFO">Opening url 'https://www.marutisuzuki.com/'</msg>
<status status="PASS" starttime="20240923 12:03:42.084" endtime="20240923 12:03:44.414"/>
</kw>
<kw name="Maximize Browser Window" library="SeleniumLibrary">
<doc>Maximizes current browser window.</doc>
<status status="PASS" starttime="20240923 12:03:44.415" endtime="20240923 12:03:44.464"/>
</kw>
<kw name="Wait Until Element Is Visible" library="SeleniumLibrary">
<arg>id:marutiLogo</arg>
<arg>timeout=${DEFAULT_TIMEOUT}</arg>
<doc>Waits until the element ``locator`` is visible.</doc>
<status status="PASS" starttime="20240923 12:03:44.464" endtime="20240923 12:03:44.506"/>
</kw>
<status status="PASS" starttime="20240923 12:03:37.726" endtime="20240923 12:03:44.506"/>
</kw>
<kw name="Navigate To First Product" library="keywordsVisualUI">
<kw name="Wait Until Element Is Visible" library="SeleniumLibrary">
<arg>(//div[@class="image-area"])[1]</arg>
<arg>timeout=${DEFAULT_TIMEOUT}</arg>
<doc>Waits until the element ``locator`` is visible.</doc>
<status status="PASS" starttime="20240923 12:03:44.507" endtime="20240923 12:03:44.562"/>
</kw>
<kw name="Scroll Element Into View" library="SeleniumLibrary">
<arg>(//div[@class="image-area"])[1]</arg>
<doc>Scrolls the element identified by ``locator`` into view.</doc>
<status status="PASS" starttime="20240923 12:03:44.562" endtime="20240923 12:03:44.865"/>
</kw>
<kw name="Sleep" library="BuiltIn">
<arg>10s</arg>
<doc>Pauses the test executed for the given time.</doc>
<msg timestamp="20240923 12:03:54.866" level="INFO">Slept 10 seconds</msg>
<status status="PASS" starttime="20240923 12:03:44.865" endtime="20240923 12:03:54.866"/>
</kw>
<kw name="Capture Element Screenshot" library="SeleniumLibrary">
<arg>(//div[@class="image-area"])[1]</arg>
<arg>compare-selenium-element-screenshot.png</arg>
<doc>Captures a screenshot from the element identified by ``locator`` and embeds it into log file.</doc>
<msg timestamp="20240923 12:03:54.996" level="INFO" html="true">&lt;/td&gt;&lt;/tr&gt;&lt;tr&gt;&lt;td colspan="3"&gt;&lt;a href="compare-selenium-element-screenshot.png"&gt;&lt;img src="compare-selenium-element-screenshot.png" width="400px"&gt;&lt;/a&gt;</msg>
<status status="PASS" starttime="20240923 12:03:54.866" endtime="20240923 12:03:54.996"/>
</kw>
<kw name="Copy File" library="OperatingSystem">
<arg>C:/Users/vjansi/PycharmProjects/VisualUITestin_POC/reports/Screenshots/compare-selenium-element-screenshot.png</arg>
<arg>c:/Users/vjansi/PycharmProjects/VisualUITestin_POC/Images</arg>
<doc>Copies the source file into the destination.</doc>
<msg timestamp="20240923 12:03:55.011" level="INFO" html="true">Copied file from '&lt;a href="file://C:\Users\vjansi\PycharmProjects\VisualUITestin_POC\reports\Screenshots\compare-selenium-element-screenshot.png"&gt;C:\Users\vjansi\PycharmProjects\VisualUITestin_POC\reports\Screenshots\compare-selenium-element-screenshot.png&lt;/a&gt;' to '&lt;a href="file://c:\Users\vjansi\PycharmProjects\VisualUITestin_POC\Images\compare-selenium-element-screenshot.png"&gt;c:\Users\vjansi\PycharmProjects\VisualUITestin_POC\Images\compare-selenium-element-screenshot.png&lt;/a&gt;'.</msg>
<status status="PASS" starttime="20240923 12:03:54.997" endtime="20240923 12:03:55.011"/>
</kw>
<status status="PASS" starttime="20240923 12:03:44.507" endtime="20240923 12:03:55.011"/>
</kw>
<kw name="Run Keyword And Expect Error" library="BuiltIn">
<arg>Compare Images</arg>
<arg>C:/Users/vjansi/PycharmProjects/VisualUITestin_POC/Images/compare-selenium-element-screenshot.png</arg>
<arg>C:/Users/vjansi/PycharmProjects/VisualUITestin_POC/Images/captured_reference_screenshot.png</arg>
<arg>mask=left:10;right:10</arg>
<doc>Runs the keyword and checks that the expected error occurred.</doc>
<kw name="C:/Users/vjansi/PycharmProjects/VisualUITestin_POC/Images/compare-selenium-element-screenshot.png">
<arg>C:/Users/vjansi/PycharmProjects/VisualUITestin_POC/Images/captured_reference_screenshot.png</arg>
<arg>mask=left:10;right:10</arg>
<msg timestamp="20240923 12:03:55.019" level="FAIL">No keyword with name 'C:/Users/vjansi/PycharmProjects/VisualUITestin_POC/Images/compare-selenium-element-screenshot.png' found.</msg>
<status status="FAIL" starttime="20240923 12:03:55.018" endtime="20240923 12:03:55.019"/>
</kw>
<msg timestamp="20240923 12:03:55.019" level="FAIL">Expected error 'Compare Images' but got 'No keyword with name 'C:/Users/vjansi/PycharmProjects/VisualUITestin_POC/Images/compare-selenium-element-screenshot.png' found.'.</msg>
<status status="FAIL" starttime="20240923 12:03:55.011" endtime="20240923 12:03:55.019"/>
</kw>
<status status="FAIL" starttime="20240923 12:03:37.726" endtime="20240923 12:03:55.020">Expected error 'Compare Images' but got 'No keyword with name 'C:/Users/vjansi/PycharmProjects/VisualUITestin_POC/Images/compare-selenium-element-screenshot.png' found.'.</status>
</test>
<test id="s1-t6" name="Compare Two Same Images and Highlight Differences" line="36">
<kw name="Compare Images" library="DocTest.VisualTest">
<arg>C:/Users/vjansi/PycharmProjects/VisualUITestin_POC/Images/Beach_left.jpg</arg>
<arg>C:/Users/vjansi/PycharmProjects/VisualUITestin_POC/Images/Beach_right.jpg</arg>
<doc>Compares the documents/images ``reference_image`` and ``test_image``.</doc>
<msg timestamp="20240923 12:03:55.255" level="INFO">Compare Image Object created in 0.0072 seconds
Compare Image Object created in 0.0060 seconds</msg>
<msg timestamp="20240923 12:03:55.255" level="INFO" html="true">_page_1_compare_concat:&lt;br&gt;&lt;a href="screenshots\ce431491-7975-11ef-8ced-8cc681825e50_page_1_compare_concat.png" target="_blank"&gt;&lt;img src="screenshots\ce431491-7975-11ef-8ced-8cc681825e50_page_1_compare_concat.png" style="width:50%; height: auto;"&gt;&lt;/a&gt;</msg>
<msg timestamp="20240923 12:03:55.255" level="INFO" html="true">_page_1_rectangles_concat:&lt;br&gt;&lt;a href="screenshots\ce56c150-7975-11ef-967c-8cc681825e50_page_1_rectangles_concat.png" target="_blank"&gt;&lt;img src="screenshots\ce56c150-7975-11ef-967c-8cc681825e50_page_1_rectangles_concat.png" style="width:50%; height: auto;"&gt;&lt;/a&gt;</msg>
<msg timestamp="20240923 12:03:55.255" level="INFO" html="true">_page_1_blended:&lt;br&gt;&lt;a href="screenshots\ce5caaea-7975-11ef-aa6a-8cc681825e50_page_1_blended.png" target="_blank"&gt;&lt;img src="screenshots\ce5caaea-7975-11ef-aa6a-8cc681825e50_page_1_blended.png" style="width:50%; height: auto;"&gt;&lt;/a&gt;</msg>
<msg timestamp="20240923 12:03:55.255" level="INFO" html="true">_page_1_diff:&lt;br&gt;&lt;a href="screenshots\ce62a019-7975-11ef-8482-8cc681825e50_page_1_diff.png" target="_blank"&gt;&lt;img src="screenshots\ce62a019-7975-11ef-8482-8cc681825e50_page_1_diff.png" style="width:50%; height: auto;"&gt;&lt;/a&gt;</msg>
<msg timestamp="20240923 12:03:55.255" level="FAIL">The compared images are different.</msg>
<status status="FAIL" starttime="20240923 12:03:55.023" endtime="20240923 12:03:55.256"/>
</kw>
<status status="FAIL" starttime="20240923 12:03:55.023" endtime="20240923 12:03:55.257">The compared images are different.</status>
</test>
<test id="s1-t7" name="Compare Two Same Images with date and Highlight Differences" line="39">
<kw name="Compare Images" library="DocTest.VisualTest">
<arg>C:/Users/vjansi/PycharmProjects/VisualUITestin_POC/Images/Beach_date.png</arg>
<arg>C:/Users/vjansi/PycharmProjects/VisualUITestin_POC/Images/Beach_left.jpg</arg>
<doc>Compares the documents/images ``reference_image`` and ``test_image``.</doc>
<msg timestamp="20240923 12:03:55.509" level="INFO">Compare Image Object created in 0.0080 seconds
Compare Image Object created in 0.0049 seconds</msg>
<msg timestamp="20240923 12:03:55.509" level="INFO" html="true">_page_1_compare_concat:&lt;br&gt;&lt;a href="screenshots\ce66a587-7975-11ef-965c-8cc681825e50_page_1_compare_concat.png" target="_blank"&gt;&lt;img src="screenshots\ce66a587-7975-11ef-965c-8cc681825e50_page_1_compare_concat.png" style="width:50%; height: auto;"&gt;&lt;/a&gt;</msg>
<msg timestamp="20240923 12:03:55.509" level="INFO" html="true">_page_1_rectangles_concat:&lt;br&gt;&lt;a href="screenshots\ce7e8282-7975-11ef-ad69-8cc681825e50_page_1_rectangles_concat.png" target="_blank"&gt;&lt;img src="screenshots\ce7e8282-7975-11ef-ad69-8cc681825e50_page_1_rectangles_concat.png" style="width:50%; height: auto;"&gt;&lt;/a&gt;</msg>
<msg timestamp="20240923 12:03:55.509" level="INFO" html="true">_page_1_blended:&lt;br&gt;&lt;a href="screenshots\ce86c690-7975-11ef-961e-8cc681825e50_page_1_blended.png" target="_blank"&gt;&lt;img src="screenshots\ce86c690-7975-11ef-961e-8cc681825e50_page_1_blended.png" style="width:50%; height: auto;"&gt;&lt;/a&gt;</msg>
<msg timestamp="20240923 12:03:55.509" level="INFO" html="true">_page_1_diff:&lt;br&gt;&lt;a href="screenshots\ce8a8935-7975-11ef-8a7c-8cc681825e50_page_1_diff.png" target="_blank"&gt;&lt;img src="screenshots\ce8a8935-7975-11ef-8a7c-8cc681825e50_page_1_diff.png" style="width:50%; height: auto;"&gt;&lt;/a&gt;</msg>
<msg timestamp="20240923 12:03:55.509" level="FAIL">The compared images are different.</msg>
<status status="FAIL" starttime="20240923 12:03:55.259" endtime="20240923 12:03:55.509"/>
</kw>
<status status="FAIL" starttime="20240923 12:03:55.258" endtime="20240923 12:03:55.509">The compared images are different.</status>
</test>
<test id="s1-t8" name="Compare two Farm images with date pattern" line="42">
<kw name="Compare Images" library="DocTest.VisualTest">
<arg>C:/Users/vjansi/PycharmProjects/VisualUITestin_POC/Images/Beach_date.png</arg>
<arg>testdata/Beach_left.png</arg>
<arg>placeholder_file=testdata/pattern_mask.json</arg>
<doc>Compares the documents/images ``reference_image`` and ``test_image``.</doc>
<msg timestamp="20240923 12:03:55.509" level="FAIL">The candidate file does not exist: testdata/Beach_left.png</msg>
<status status="FAIL" starttime="20240923 12:03:55.509" endtime="20240923 12:03:55.509"/>
</kw>
<status status="FAIL" starttime="20240923 12:03:55.509" endtime="20240923 12:03:55.525">The candidate file does not exist: testdata/Beach_left.png</status>
</test>
<status status="FAIL" starttime="20240923 12:03:33.635" endtime="20240923 12:03:55.525"/>
</suite>
<statistics>
<total>
<stat pass="1" fail="7" skip="0">All Tests</stat>
</total>
<tag>
</tag>
<suite>
<stat pass="1" fail="7" skip="0" id="s1" name="Testcase VisualUI">Testcase VisualUI</stat>
</suite>
</statistics>
<errors>
</errors>
</robot>
